{"/home/eirik/Documents/GitHub/poker-api/js/analyse/makeNumber.js": {"path":"/home/eirik/Documents/GitHub/poker-api/js/analyse/makeNumber.js","all":false,"statementMap":{"0":{"start":{"line":1,"column":0},"end":{"line":1,"column":26}},"1":{"start":{"line":2,"column":0},"end":{"line":2,"column":20}},"2":{"start":{"line":3,"column":0},"end":{"line":3,"column":27}},"3":{"start":{"line":4,"column":0},"end":{"line":4,"column":13}},"4":{"start":{"line":5,"column":0},"end":{"line":5,"column":16}},"5":{"start":{"line":6,"column":0},"end":{"line":6,"column":13}},"6":{"start":{"line":7,"column":0},"end":{"line":7,"column":16}},"7":{"start":{"line":8,"column":0},"end":{"line":8,"column":13}},"8":{"start":{"line":9,"column":0},"end":{"line":9,"column":16}},"9":{"start":{"line":10,"column":0},"end":{"line":10,"column":13}},"10":{"start":{"line":11,"column":0},"end":{"line":11,"column":16}},"11":{"start":{"line":12,"column":0},"end":{"line":12,"column":13}},"12":{"start":{"line":13,"column":0},"end":{"line":13,"column":16}},"13":{"start":{"line":14,"column":0},"end":{"line":14,"column":12}},"14":{"start":{"line":15,"column":0},"end":{"line":15,"column":28}},"15":{"start":{"line":16,"column":0},"end":{"line":16,"column":3}},"16":{"start":{"line":17,"column":0},"end":{"line":17,"column":2}}},"s":{"0":1,"1":56,"2":56,"3":56,"4":4,"5":56,"6":4,"7":56,"8":4,"9":56,"10":4,"11":56,"12":4,"13":56,"14":36,"15":56,"16":1},"branchMap":{"0":{"type":"branch","line":1,"loc":{"start":{"line":1,"column":0},"end":{"line":17,"column":2}},"locations":[{"start":{"line":1,"column":0},"end":{"line":17,"column":2}}]},"1":{"type":"branch","line":1,"loc":{"start":{"line":1,"column":15},"end":{"line":17,"column":1}},"locations":[{"start":{"line":1,"column":15},"end":{"line":17,"column":1}}]},"2":{"type":"branch","line":4,"loc":{"start":{"line":4,"column":4},"end":{"line":5,"column":16}},"locations":[{"start":{"line":4,"column":4},"end":{"line":5,"column":16}}]},"3":{"type":"branch","line":6,"loc":{"start":{"line":6,"column":4},"end":{"line":7,"column":16}},"locations":[{"start":{"line":6,"column":4},"end":{"line":7,"column":16}}]},"4":{"type":"branch","line":8,"loc":{"start":{"line":8,"column":4},"end":{"line":9,"column":16}},"locations":[{"start":{"line":8,"column":4},"end":{"line":9,"column":16}}]},"5":{"type":"branch","line":10,"loc":{"start":{"line":10,"column":4},"end":{"line":11,"column":16}},"locations":[{"start":{"line":10,"column":4},"end":{"line":11,"column":16}}]},"6":{"type":"branch","line":12,"loc":{"start":{"line":12,"column":4},"end":{"line":13,"column":16}},"locations":[{"start":{"line":12,"column":4},"end":{"line":13,"column":16}}]},"7":{"type":"branch","line":14,"loc":{"start":{"line":14,"column":4},"end":{"line":15,"column":28}},"locations":[{"start":{"line":14,"column":4},"end":{"line":15,"column":28}}]}},"b":{"0":[1],"1":[56],"2":[4],"3":[4],"4":[4],"5":[4],"6":[4],"7":[36]},"fnMap":{"0":{"name":"default","decl":{"start":{"line":1,"column":15},"end":{"line":17,"column":1}},"loc":{"start":{"line":1,"column":15},"end":{"line":17,"column":1}},"line":1}},"f":{"0":56}}
,"/home/eirik/Documents/GitHub/poker-api/test/utils/deck.js": {"path":"/home/eirik/Documents/GitHub/poker-api/test/utils/deck.js","all":false,"statementMap":{"0":{"start":{"line":1,"column":0},"end":{"line":1,"column":15}},"1":{"start":{"line":2,"column":0},"end":{"line":2,"column":85}},"2":{"start":{"line":3,"column":0},"end":{"line":3,"column":85}},"3":{"start":{"line":4,"column":0},"end":{"line":4,"column":85}},"4":{"start":{"line":5,"column":0},"end":{"line":5,"column":85}},"5":{"start":{"line":6,"column":0},"end":{"line":6,"column":1}}},"s":{"0":1,"1":1,"2":1,"3":1,"4":1,"5":1},"branchMap":{"0":{"type":"branch","line":1,"loc":{"start":{"line":1,"column":0},"end":{"line":6,"column":1}},"locations":[{"start":{"line":1,"column":0},"end":{"line":6,"column":1}}]}},"b":{"0":[1]},"fnMap":{},"f":{}}
}
