{"/home/eirik/Documents/GitHub/poker-api/js/analyse/flush.js": {"path":"/home/eirik/Documents/GitHub/poker-api/js/analyse/flush.js","all":false,"statementMap":{"0":{"start":{"line":1,"column":0},"end":{"line":1,"column":68}},"1":{"start":{"line":2,"column":0},"end":{"line":2,"column":0}},"2":{"start":{"line":3,"column":0},"end":{"line":3,"column":28}}},"s":{"0":1,"1":1,"2":1},"branchMap":{"0":{"type":"branch","line":1,"loc":{"start":{"line":1,"column":0},"end":{"line":3,"column":28}},"locations":[{"start":{"line":1,"column":0},"end":{"line":3,"column":28}}]},"1":{"type":"branch","line":3,"loc":{"start":{"line":3,"column":15},"end":{"line":3,"column":27}},"locations":[{"start":{"line":3,"column":15},"end":{"line":3,"column":27}}]}},"b":{"0":[1],"1":[8]},"fnMap":{"0":{"name":"default","decl":{"start":{"line":3,"column":15},"end":{"line":3,"column":27}},"loc":{"start":{"line":3,"column":15},"end":{"line":3,"column":27}},"line":3}},"f":{"0":8}}
,"/home/eirik/Documents/GitHub/poker-api/js/analyse/fullHouse.js": {"path":"/home/eirik/Documents/GitHub/poker-api/js/analyse/fullHouse.js","all":false,"statementMap":{"0":{"start":{"line":1,"column":0},"end":{"line":1,"column":47}},"1":{"start":{"line":2,"column":0},"end":{"line":2,"column":0}},"2":{"start":{"line":3,"column":0},"end":{"line":3,"column":28}}},"s":{"0":1,"1":1,"2":1},"branchMap":{"0":{"type":"branch","line":1,"loc":{"start":{"line":1,"column":0},"end":{"line":3,"column":28}},"locations":[{"start":{"line":1,"column":0},"end":{"line":3,"column":28}}]},"1":{"type":"branch","line":3,"loc":{"start":{"line":3,"column":15},"end":{"line":3,"column":27}},"locations":[{"start":{"line":3,"column":15},"end":{"line":3,"column":27}}]}},"b":{"0":[1],"1":[8]},"fnMap":{"0":{"name":"default","decl":{"start":{"line":3,"column":15},"end":{"line":3,"column":27}},"loc":{"start":{"line":3,"column":15},"end":{"line":3,"column":27}},"line":3}},"f":{"0":8}}
,"/home/eirik/Documents/GitHub/poker-api/js/analyse/hiCard.js": {"path":"/home/eirik/Documents/GitHub/poker-api/js/analyse/hiCard.js","all":false,"statementMap":{"0":{"start":{"line":1,"column":0},"end":{"line":1,"column":41}},"1":{"start":{"line":2,"column":0},"end":{"line":2,"column":49}},"2":{"start":{"line":3,"column":0},"end":{"line":3,"column":0}},"3":{"start":{"line":4,"column":0},"end":{"line":4,"column":26}},"4":{"start":{"line":5,"column":0},"end":{"line":5,"column":28}},"5":{"start":{"line":6,"column":0},"end":{"line":6,"column":24}},"6":{"start":{"line":7,"column":0},"end":{"line":7,"column":67}},"7":{"start":{"line":8,"column":0},"end":{"line":8,"column":5}},"8":{"start":{"line":9,"column":0},"end":{"line":9,"column":0}},"9":{"start":{"line":10,"column":0},"end":{"line":10,"column":16}},"10":{"start":{"line":11,"column":0},"end":{"line":11,"column":16}},"11":{"start":{"line":12,"column":0},"end":{"line":12,"column":43}},"12":{"start":{"line":13,"column":0},"end":{"line":13,"column":29}},"13":{"start":{"line":14,"column":0},"end":{"line":14,"column":24}},"14":{"start":{"line":15,"column":0},"end":{"line":15,"column":23}},"15":{"start":{"line":16,"column":0},"end":{"line":16,"column":5}},"16":{"start":{"line":17,"column":0},"end":{"line":17,"column":4}},"17":{"start":{"line":18,"column":0},"end":{"line":18,"column":66}},"18":{"start":{"line":19,"column":0},"end":{"line":19,"column":2}}},"s":{"0":1,"1":1,"2":1,"3":1,"4":5,"5":5,"6":25,"7":5,"8":5,"9":5,"10":5,"11":5,"12":25,"13":5,"14":5,"15":5,"16":5,"17":5,"18":1},"branchMap":{"0":{"type":"branch","line":1,"loc":{"start":{"line":1,"column":0},"end":{"line":19,"column":2}},"locations":[{"start":{"line":1,"column":0},"end":{"line":19,"column":2}}]},"1":{"type":"branch","line":4,"loc":{"start":{"line":4,"column":15},"end":{"line":19,"column":1}},"locations":[{"start":{"line":4,"column":15},"end":{"line":19,"column":1}}]},"2":{"type":"branch","line":6,"loc":{"start":{"line":6,"column":15},"end":{"line":8,"column":3}},"locations":[{"start":{"line":6,"column":15},"end":{"line":8,"column":3}}]},"3":{"type":"branch","line":12,"loc":{"start":{"line":12,"column":25},"end":{"line":17,"column":3}},"locations":[{"start":{"line":12,"column":25},"end":{"line":17,"column":3}}]},"4":{"type":"branch","line":13,"loc":{"start":{"line":13,"column":28},"end":{"line":16,"column":5}},"locations":[{"start":{"line":13,"column":28},"end":{"line":16,"column":5}}]}},"b":{"0":[1],"1":[5],"2":[25],"3":[25],"4":[5]},"fnMap":{"0":{"name":"default","decl":{"start":{"line":4,"column":15},"end":{"line":19,"column":1}},"loc":{"start":{"line":4,"column":15},"end":{"line":19,"column":1}},"line":4}},"f":{"0":5}}
,"/home/eirik/Documents/GitHub/poker-api/js/analyse/makeNumber.js": {"path":"/home/eirik/Documents/GitHub/poker-api/js/analyse/makeNumber.js","all":false,"statementMap":{"0":{"start":{"line":1,"column":0},"end":{"line":1,"column":26}},"1":{"start":{"line":2,"column":0},"end":{"line":2,"column":20}},"2":{"start":{"line":3,"column":0},"end":{"line":3,"column":27}},"3":{"start":{"line":4,"column":0},"end":{"line":4,"column":13}},"4":{"start":{"line":5,"column":0},"end":{"line":5,"column":16}},"5":{"start":{"line":6,"column":0},"end":{"line":6,"column":13}},"6":{"start":{"line":7,"column":0},"end":{"line":7,"column":16}},"7":{"start":{"line":8,"column":0},"end":{"line":8,"column":13}},"8":{"start":{"line":9,"column":0},"end":{"line":9,"column":16}},"9":{"start":{"line":10,"column":0},"end":{"line":10,"column":13}},"10":{"start":{"line":11,"column":0},"end":{"line":11,"column":16}},"11":{"start":{"line":12,"column":0},"end":{"line":12,"column":13}},"12":{"start":{"line":13,"column":0},"end":{"line":13,"column":16}},"13":{"start":{"line":14,"column":0},"end":{"line":14,"column":12}},"14":{"start":{"line":15,"column":0},"end":{"line":15,"column":28}},"15":{"start":{"line":16,"column":0},"end":{"line":16,"column":3}},"16":{"start":{"line":17,"column":0},"end":{"line":17,"column":2}}},"s":{"0":2,"1":253,"2":253,"3":253,"4":45,"5":253,"6":11,"7":253,"8":11,"9":253,"10":11,"11":253,"12":35,"13":253,"14":137,"15":253,"16":2},"branchMap":{"0":{"type":"branch","line":1,"loc":{"start":{"line":1,"column":0},"end":{"line":17,"column":2}},"locations":[{"start":{"line":1,"column":0},"end":{"line":17,"column":2}}]},"1":{"type":"branch","line":1,"loc":{"start":{"line":1,"column":15},"end":{"line":17,"column":1}},"locations":[{"start":{"line":1,"column":15},"end":{"line":17,"column":1}}]},"2":{"type":"branch","line":4,"loc":{"start":{"line":4,"column":4},"end":{"line":5,"column":16}},"locations":[{"start":{"line":4,"column":4},"end":{"line":5,"column":16}}]},"3":{"type":"branch","line":6,"loc":{"start":{"line":6,"column":4},"end":{"line":7,"column":16}},"locations":[{"start":{"line":6,"column":4},"end":{"line":7,"column":16}}]},"4":{"type":"branch","line":8,"loc":{"start":{"line":8,"column":4},"end":{"line":9,"column":16}},"locations":[{"start":{"line":8,"column":4},"end":{"line":9,"column":16}}]},"5":{"type":"branch","line":10,"loc":{"start":{"line":10,"column":4},"end":{"line":11,"column":16}},"locations":[{"start":{"line":10,"column":4},"end":{"line":11,"column":16}}]},"6":{"type":"branch","line":12,"loc":{"start":{"line":12,"column":4},"end":{"line":13,"column":16}},"locations":[{"start":{"line":12,"column":4},"end":{"line":13,"column":16}}]},"7":{"type":"branch","line":14,"loc":{"start":{"line":14,"column":4},"end":{"line":15,"column":28}},"locations":[{"start":{"line":14,"column":4},"end":{"line":15,"column":28}}]}},"b":{"0":[2],"1":[253],"2":[45],"3":[11],"4":[11],"5":[11],"6":[35],"7":[137]},"fnMap":{"0":{"name":"default","decl":{"start":{"line":1,"column":15},"end":{"line":17,"column":1}},"loc":{"start":{"line":1,"column":15},"end":{"line":17,"column":1}},"line":1}},"f":{"0":253}}
,"/home/eirik/Documents/GitHub/poker-api/js/analyse/onePair.js": {"path":"/home/eirik/Documents/GitHub/poker-api/js/analyse/onePair.js","all":false,"statementMap":{"0":{"start":{"line":1,"column":0},"end":{"line":1,"column":38}},"1":{"start":{"line":2,"column":0},"end":{"line":2,"column":46}},"2":{"start":{"line":3,"column":0},"end":{"line":3,"column":0}},"3":{"start":{"line":4,"column":0},"end":{"line":4,"column":26}},"4":{"start":{"line":5,"column":0},"end":{"line":5,"column":19}},"5":{"start":{"line":6,"column":0},"end":{"line":6,"column":36}},"6":{"start":{"line":7,"column":0},"end":{"line":7,"column":38}},"7":{"start":{"line":8,"column":0},"end":{"line":8,"column":35}},"8":{"start":{"line":9,"column":0},"end":{"line":9,"column":46}},"9":{"start":{"line":10,"column":0},"end":{"line":10,"column":89}},"10":{"start":{"line":11,"column":0},"end":{"line":11,"column":31}},"11":{"start":{"line":12,"column":0},"end":{"line":12,"column":7}},"12":{"start":{"line":13,"column":0},"end":{"line":13,"column":7}},"13":{"start":{"line":14,"column":0},"end":{"line":14,"column":5}},"14":{"start":{"line":15,"column":0},"end":{"line":15,"column":2}}},"s":{"0":1,"1":1,"2":1,"3":1,"4":8,"5":8,"6":29,"7":29,"8":140,"9":140,"10":0,"11":0,"12":29,"13":8,"14":1},"branchMap":{"0":{"type":"branch","line":1,"loc":{"start":{"line":1,"column":0},"end":{"line":15,"column":2}},"locations":[{"start":{"line":1,"column":0},"end":{"line":15,"column":2}}]},"1":{"type":"branch","line":4,"loc":{"start":{"line":4,"column":15},"end":{"line":15,"column":1}},"locations":[{"start":{"line":4,"column":15},"end":{"line":15,"column":1}}]},"2":{"type":"branch","line":6,"loc":{"start":{"line":6,"column":11},"end":{"line":14,"column":3}},"locations":[{"start":{"line":6,"column":11},"end":{"line":14,"column":3}}]},"3":{"type":"branch","line":8,"loc":{"start":{"line":8,"column":18},"end":{"line":13,"column":5}},"locations":[{"start":{"line":8,"column":18},"end":{"line":13,"column":5}}]},"4":{"type":"branch","line":10,"loc":{"start":{"line":10,"column":22},"end":{"line":10,"column":51}},"locations":[{"start":{"line":10,"column":22},"end":{"line":10,"column":51}}]},"5":{"type":"branch","line":10,"loc":{"start":{"line":10,"column":52},"end":{"line":10,"column":86}},"locations":[{"start":{"line":10,"column":52},"end":{"line":10,"column":86}}]},"6":{"type":"branch","line":10,"loc":{"start":{"line":10,"column":88},"end":{"line":12,"column":7}},"locations":[{"start":{"line":10,"column":88},"end":{"line":12,"column":7}}]}},"b":{"0":[1],"1":[8],"2":[29],"3":[140],"4":[111],"5":[3],"6":[0]},"fnMap":{"0":{"name":"default","decl":{"start":{"line":4,"column":15},"end":{"line":15,"column":1}},"loc":{"start":{"line":4,"column":15},"end":{"line":15,"column":1}},"line":4}},"f":{"0":8}}
,"/home/eirik/Documents/GitHub/poker-api/js/analyse/straight.js": {"path":"/home/eirik/Documents/GitHub/poker-api/js/analyse/straight.js","all":false,"statementMap":{"0":{"start":{"line":1,"column":0},"end":{"line":1,"column":68}},"1":{"start":{"line":2,"column":0},"end":{"line":2,"column":0}},"2":{"start":{"line":3,"column":0},"end":{"line":3,"column":28}}},"s":{"0":1,"1":1,"2":1},"branchMap":{"0":{"type":"branch","line":1,"loc":{"start":{"line":1,"column":0},"end":{"line":3,"column":28}},"locations":[{"start":{"line":1,"column":0},"end":{"line":3,"column":28}}]},"1":{"type":"branch","line":3,"loc":{"start":{"line":3,"column":15},"end":{"line":3,"column":27}},"locations":[{"start":{"line":3,"column":15},"end":{"line":3,"column":27}}]}},"b":{"0":[1],"1":[8]},"fnMap":{"0":{"name":"default","decl":{"start":{"line":3,"column":15},"end":{"line":3,"column":27}},"loc":{"start":{"line":3,"column":15},"end":{"line":3,"column":27}},"line":3}},"f":{"0":8}}
,"/home/eirik/Documents/GitHub/poker-api/js/analyse/straightFlush.js": {"path":"/home/eirik/Documents/GitHub/poker-api/js/analyse/straightFlush.js","all":false,"statementMap":{"0":{"start":{"line":1,"column":0},"end":{"line":1,"column":77}},"1":{"start":{"line":2,"column":0},"end":{"line":2,"column":0}},"2":{"start":{"line":3,"column":0},"end":{"line":3,"column":28}}},"s":{"0":1,"1":1,"2":1},"branchMap":{"0":{"type":"branch","line":1,"loc":{"start":{"line":1,"column":0},"end":{"line":3,"column":28}},"locations":[{"start":{"line":1,"column":0},"end":{"line":3,"column":28}}]},"1":{"type":"branch","line":3,"loc":{"start":{"line":3,"column":15},"end":{"line":3,"column":27}},"locations":[{"start":{"line":3,"column":15},"end":{"line":3,"column":27}}]}},"b":{"0":[1],"1":[8]},"fnMap":{"0":{"name":"default","decl":{"start":{"line":3,"column":15},"end":{"line":3,"column":27}},"loc":{"start":{"line":3,"column":15},"end":{"line":3,"column":27}},"line":3}},"f":{"0":8}}
,"/home/eirik/Documents/GitHub/poker-api/js/analyse/threeOfAKind.js": {"path":"/home/eirik/Documents/GitHub/poker-api/js/analyse/threeOfAKind.js","all":false,"statementMap":{"0":{"start":{"line":1,"column":0},"end":{"line":1,"column":55}},"1":{"start":{"line":2,"column":0},"end":{"line":2,"column":0}},"2":{"start":{"line":3,"column":0},"end":{"line":3,"column":28}}},"s":{"0":1,"1":1,"2":1},"branchMap":{"0":{"type":"branch","line":1,"loc":{"start":{"line":1,"column":0},"end":{"line":3,"column":28}},"locations":[{"start":{"line":1,"column":0},"end":{"line":3,"column":28}}]},"1":{"type":"branch","line":3,"loc":{"start":{"line":3,"column":15},"end":{"line":3,"column":27}},"locations":[{"start":{"line":3,"column":15},"end":{"line":3,"column":27}}]}},"b":{"0":[1],"1":[8]},"fnMap":{"0":{"name":"default","decl":{"start":{"line":3,"column":15},"end":{"line":3,"column":27}},"loc":{"start":{"line":3,"column":15},"end":{"line":3,"column":27}},"line":3}},"f":{"0":8}}
,"/home/eirik/Documents/GitHub/poker-api/js/analyse/twoPair.js": {"path":"/home/eirik/Documents/GitHub/poker-api/js/analyse/twoPair.js","all":false,"statementMap":{"0":{"start":{"line":1,"column":0},"end":{"line":1,"column":70}},"1":{"start":{"line":2,"column":0},"end":{"line":2,"column":0}},"2":{"start":{"line":3,"column":0},"end":{"line":3,"column":28}}},"s":{"0":1,"1":1,"2":1},"branchMap":{"0":{"type":"branch","line":1,"loc":{"start":{"line":1,"column":0},"end":{"line":3,"column":28}},"locations":[{"start":{"line":1,"column":0},"end":{"line":3,"column":28}}]},"1":{"type":"branch","line":3,"loc":{"start":{"line":3,"column":15},"end":{"line":3,"column":27}},"locations":[{"start":{"line":3,"column":15},"end":{"line":3,"column":27}}]}},"b":{"0":[1],"1":[8]},"fnMap":{"0":{"name":"default","decl":{"start":{"line":3,"column":15},"end":{"line":3,"column":27}},"loc":{"start":{"line":3,"column":15},"end":{"line":3,"column":27}},"line":3}},"f":{"0":8}}
,"/home/eirik/Documents/GitHub/poker-api/js/analyse/whatHand.js": {"path":"/home/eirik/Documents/GitHub/poker-api/js/analyse/whatHand.js","all":false,"statementMap":{"0":{"start":{"line":1,"column":0},"end":{"line":1,"column":33}},"1":{"start":{"line":2,"column":0},"end":{"line":2,"column":35}},"2":{"start":{"line":3,"column":0},"end":{"line":3,"column":35}},"3":{"start":{"line":4,"column":0},"end":{"line":4,"column":45}},"4":{"start":{"line":5,"column":0},"end":{"line":5,"column":37}},"5":{"start":{"line":6,"column":0},"end":{"line":6,"column":31}},"6":{"start":{"line":7,"column":0},"end":{"line":7,"column":39}},"7":{"start":{"line":8,"column":0},"end":{"line":8,"column":47}},"8":{"start":{"line":9,"column":0},"end":{"line":9,"column":0}},"9":{"start":{"line":10,"column":0},"end":{"line":10,"column":95}},"10":{"start":{"line":11,"column":0},"end":{"line":11,"column":0}},"11":{"start":{"line":12,"column":0},"end":{"line":12,"column":26}},"12":{"start":{"line":13,"column":0},"end":{"line":13,"column":28}},"13":{"start":{"line":14,"column":0},"end":{"line":14,"column":27}},"14":{"start":{"line":15,"column":0},"end":{"line":15,"column":31}},"15":{"start":{"line":16,"column":0},"end":{"line":16,"column":23}},"16":{"start":{"line":17,"column":0},"end":{"line":17,"column":27}},"17":{"start":{"line":18,"column":0},"end":{"line":18,"column":19}},"18":{"start":{"line":19,"column":0},"end":{"line":19,"column":30}},"19":{"start":{"line":20,"column":0},"end":{"line":20,"column":22}},"20":{"start":{"line":21,"column":0},"end":{"line":21,"column":34}},"21":{"start":{"line":22,"column":0},"end":{"line":22,"column":26}},"22":{"start":{"line":23,"column":0},"end":{"line":23,"column":29}},"23":{"start":{"line":24,"column":0},"end":{"line":24,"column":21}},"24":{"start":{"line":25,"column":0},"end":{"line":25,"column":29}},"25":{"start":{"line":26,"column":0},"end":{"line":26,"column":21}},"26":{"start":{"line":27,"column":0},"end":{"line":27,"column":54}},"27":{"start":{"line":28,"column":0},"end":{"line":28,"column":20}},"28":{"start":{"line":29,"column":0},"end":{"line":29,"column":3}},"29":{"start":{"line":30,"column":0},"end":{"line":30,"column":2}}},"s":{"0":1,"1":1,"2":1,"3":1,"4":1,"5":1,"6":1,"7":1,"8":1,"9":1,"10":1,"11":1,"12":8,"13":0,"14":8,"15":0,"16":8,"17":0,"18":8,"19":0,"20":8,"21":0,"22":8,"23":0,"24":8,"25":0,"26":8,"27":5,"28":5,"29":1},"branchMap":{"0":{"type":"branch","line":1,"loc":{"start":{"line":1,"column":0},"end":{"line":30,"column":2}},"locations":[{"start":{"line":1,"column":0},"end":{"line":30,"column":2}}]},"1":{"type":"branch","line":12,"loc":{"start":{"line":12,"column":15},"end":{"line":30,"column":1}},"locations":[{"start":{"line":12,"column":15},"end":{"line":30,"column":1}}]},"2":{"type":"branch","line":13,"loc":{"start":{"line":13,"column":27},"end":{"line":15,"column":3}},"locations":[{"start":{"line":13,"column":27},"end":{"line":15,"column":3}}]},"3":{"type":"branch","line":15,"loc":{"start":{"line":15,"column":30},"end":{"line":17,"column":3}},"locations":[{"start":{"line":15,"column":30},"end":{"line":17,"column":3}}]},"4":{"type":"branch","line":17,"loc":{"start":{"line":17,"column":26},"end":{"line":19,"column":3}},"locations":[{"start":{"line":17,"column":26},"end":{"line":19,"column":3}}]},"5":{"type":"branch","line":19,"loc":{"start":{"line":19,"column":29},"end":{"line":21,"column":3}},"locations":[{"start":{"line":19,"column":29},"end":{"line":21,"column":3}}]},"6":{"type":"branch","line":21,"loc":{"start":{"line":21,"column":33},"end":{"line":23,"column":3}},"locations":[{"start":{"line":21,"column":33},"end":{"line":23,"column":3}}]},"7":{"type":"branch","line":23,"loc":{"start":{"line":23,"column":28},"end":{"line":25,"column":3}},"locations":[{"start":{"line":23,"column":28},"end":{"line":25,"column":3}}]},"8":{"type":"branch","line":25,"loc":{"start":{"line":25,"column":28},"end":{"line":27,"column":3}},"locations":[{"start":{"line":25,"column":28},"end":{"line":27,"column":3}}]},"9":{"type":"branch","line":27,"loc":{"start":{"line":27,"column":3},"end":{"line":29,"column":3}},"locations":[{"start":{"line":27,"column":3},"end":{"line":29,"column":3}}]}},"b":{"0":[1],"1":[8],"2":[0],"3":[0],"4":[0],"5":[0],"6":[0],"7":[0],"8":[0],"9":[5]},"fnMap":{"0":{"name":"default","decl":{"start":{"line":12,"column":15},"end":{"line":30,"column":1}},"loc":{"start":{"line":12,"column":15},"end":{"line":30,"column":1}},"line":12}},"f":{"0":8}}
,"/home/eirik/Documents/GitHub/poker-api/test/utils/deck.js": {"path":"/home/eirik/Documents/GitHub/poker-api/test/utils/deck.js","all":false,"statementMap":{"0":{"start":{"line":1,"column":0},"end":{"line":1,"column":15}},"1":{"start":{"line":2,"column":0},"end":{"line":2,"column":85}},"2":{"start":{"line":3,"column":0},"end":{"line":3,"column":85}},"3":{"start":{"line":4,"column":0},"end":{"line":4,"column":85}},"4":{"start":{"line":5,"column":0},"end":{"line":5,"column":85}},"5":{"start":{"line":6,"column":0},"end":{"line":6,"column":1}}},"s":{"0":1,"1":1,"2":1,"3":1,"4":1,"5":1},"branchMap":{"0":{"type":"branch","line":1,"loc":{"start":{"line":1,"column":0},"end":{"line":6,"column":1}},"locations":[{"start":{"line":1,"column":0},"end":{"line":6,"column":1}}]}},"b":{"0":[1]},"fnMap":{},"f":{}}
}
