TN:
SF:js/analyse/flush.js
FN:3,default
FNF:1
FNH:1
FNDA:8,default
DA:1,1
DA:2,1
DA:3,1
LF:3
LH:3
BRDA:1,0,0,1
BRDA:3,1,0,8
BRF:2
BRH:2
end_of_record
TN:
SF:js/analyse/fullHouse.js
FN:3,default
FNF:1
FNH:1
FNDA:8,default
DA:1,1
DA:2,1
DA:3,1
LF:3
LH:3
BRDA:1,0,0,1
BRDA:3,1,0,8
BRF:2
BRH:2
end_of_record
TN:
SF:js/analyse/hiCard.js
FN:4,default
FNF:1
FNH:1
FNDA:5,default
DA:1,1
DA:2,1
DA:3,1
DA:4,1
DA:5,5
DA:6,5
DA:7,25
DA:8,5
DA:9,5
DA:10,5
DA:11,5
DA:12,5
DA:13,25
DA:14,5
DA:15,5
DA:16,5
DA:17,5
DA:18,5
DA:19,1
LF:19
LH:19
BRDA:1,0,0,1
BRDA:4,1,0,5
BRDA:6,2,0,25
BRDA:12,3,0,25
BRDA:13,4,0,5
BRF:5
BRH:5
end_of_record
TN:
SF:js/analyse/makeNumber.js
FN:1,default
FNF:1
FNH:1
FNDA:253,default
DA:1,2
DA:2,253
DA:3,253
DA:4,253
DA:5,45
DA:6,253
DA:7,11
DA:8,253
DA:9,11
DA:10,253
DA:11,11
DA:12,253
DA:13,35
DA:14,253
DA:15,137
DA:16,253
DA:17,2
LF:17
LH:17
BRDA:1,0,0,2
BRDA:1,1,0,253
BRDA:4,2,0,45
BRDA:6,3,0,11
BRDA:8,4,0,11
BRDA:10,5,0,11
BRDA:12,6,0,35
BRDA:14,7,0,137
BRF:8
BRH:8
end_of_record
TN:
SF:js/analyse/onePair.js
FN:4,default
FNF:1
FNH:1
FNDA:8,default
DA:1,1
DA:2,1
DA:3,1
DA:4,1
DA:5,8
DA:6,8
DA:7,29
DA:8,29
DA:9,140
DA:10,140
DA:11,0
DA:12,0
DA:13,29
DA:14,8
DA:15,1
LF:15
LH:13
BRDA:1,0,0,1
BRDA:4,1,0,8
BRDA:6,2,0,29
BRDA:8,3,0,140
BRDA:10,4,0,111
BRDA:10,5,0,3
BRDA:10,6,0,0
BRF:7
BRH:6
end_of_record
TN:
SF:js/analyse/straight.js
FN:3,default
FNF:1
FNH:1
FNDA:8,default
DA:1,1
DA:2,1
DA:3,1
LF:3
LH:3
BRDA:1,0,0,1
BRDA:3,1,0,8
BRF:2
BRH:2
end_of_record
TN:
SF:js/analyse/straightFlush.js
FN:3,default
FNF:1
FNH:1
FNDA:8,default
DA:1,1
DA:2,1
DA:3,1
LF:3
LH:3
BRDA:1,0,0,1
BRDA:3,1,0,8
BRF:2
BRH:2
end_of_record
TN:
SF:js/analyse/threeOfAKind.js
FN:3,default
FNF:1
FNH:1
FNDA:8,default
DA:1,1
DA:2,1
DA:3,1
LF:3
LH:3
BRDA:1,0,0,1
BRDA:3,1,0,8
BRF:2
BRH:2
end_of_record
TN:
SF:js/analyse/twoPair.js
FN:3,default
FNF:1
FNH:1
FNDA:8,default
DA:1,1
DA:2,1
DA:3,1
LF:3
LH:3
BRDA:1,0,0,1
BRDA:3,1,0,8
BRF:2
BRH:2
end_of_record
TN:
SF:js/analyse/whatHand.js
FN:12,default
FNF:1
FNH:1
FNDA:8,default
DA:1,1
DA:2,1
DA:3,1
DA:4,1
DA:5,1
DA:6,1
DA:7,1
DA:8,1
DA:9,1
DA:10,1
DA:11,1
DA:12,1
DA:13,8
DA:14,0
DA:15,8
DA:16,0
DA:17,8
DA:18,0
DA:19,8
DA:20,0
DA:21,8
DA:22,0
DA:23,8
DA:24,0
DA:25,8
DA:26,0
DA:27,8
DA:28,5
DA:29,5
DA:30,1
LF:30
LH:23
BRDA:1,0,0,1
BRDA:12,1,0,8
BRDA:13,2,0,0
BRDA:15,3,0,0
BRDA:17,4,0,0
BRDA:19,5,0,0
BRDA:21,6,0,0
BRDA:23,7,0,0
BRDA:25,8,0,0
BRDA:27,9,0,5
BRF:10
BRH:3
end_of_record
TN:
SF:test/utils/deck.js
FNF:0
FNH:0
DA:1,1
DA:2,1
DA:3,1
DA:4,1
DA:5,1
DA:6,1
LF:6
LH:6
BRDA:1,0,0,1
BRF:1
BRH:1
end_of_record
