TN:
SF:js/analyse/flush.js
FN:3,default
FNF:1
FNH:1
FNDA:8,default
DA:1,1
DA:2,1
DA:3,1
LF:3
LH:3
BRDA:1,0,0,1
BRDA:3,1,0,8
BRF:2
BRH:2
end_of_record
TN:
SF:js/analyse/fullHouse.js
FN:3,default
FNF:1
FNH:1
FNDA:8,default
DA:1,1
DA:2,1
DA:3,1
LF:3
LH:3
BRDA:1,0,0,1
BRDA:3,1,0,8
BRF:2
BRH:2
end_of_record
TN:
SF:js/analyse/hiCard.js
FN:4,default
FNF:1
FNH:0
FNDA:0,default
DA:1,1
DA:2,1
DA:3,1
DA:4,1
DA:5,0
DA:6,0
DA:7,0
DA:8,0
DA:9,0
DA:10,0
DA:11,0
DA:12,0
DA:13,0
DA:14,0
DA:15,0
DA:16,0
DA:17,0
DA:18,0
DA:19,1
LF:19
LH:5
BRDA:1,0,0,1
BRF:1
BRH:1
end_of_record
TN:
SF:js/analyse/makeNumber.js
FN:1,default
FNF:1
FNH:1
FNDA:56,default
DA:1,2
DA:2,56
DA:3,56
DA:4,4
DA:5,56
DA:6,4
DA:7,56
DA:8,4
DA:9,56
DA:10,4
DA:11,56
DA:12,4
DA:13,56
DA:14,36
DA:15,56
DA:16,2
LF:16
LH:16
BRDA:1,0,0,2
BRDA:1,1,0,56
BRDA:3,2,0,4
BRDA:5,3,0,4
BRDA:7,4,0,4
BRDA:9,5,0,4
BRDA:11,6,0,4
BRDA:13,7,0,36
BRF:8
BRH:8
end_of_record
TN:
SF:js/analyse/onePair.js
FN:4,default
FNF:1
FNH:1
FNDA:8,default
DA:1,1
DA:2,1
DA:3,1
DA:4,1
DA:5,8
DA:6,8
DA:7,8
DA:8,8
DA:9,1
LF:9
LH:9
BRDA:1,0,0,1
BRDA:4,1,0,8
BRDA:6,2,0,8
BRF:3
BRH:3
end_of_record
TN:
SF:js/analyse/straight.js
FN:3,default
FNF:1
FNH:1
FNDA:8,default
DA:1,1
DA:2,1
DA:3,1
LF:3
LH:3
BRDA:1,0,0,1
BRDA:3,1,0,8
BRF:2
BRH:2
end_of_record
TN:
SF:js/analyse/straightFlush.js
FN:3,default
FNF:1
FNH:1
FNDA:8,default
DA:1,1
DA:2,1
DA:3,1
LF:3
LH:3
BRDA:1,0,0,1
BRDA:3,1,0,8
BRF:2
BRH:2
end_of_record
TN:
SF:js/analyse/threeOfAKind.js
FN:3,default
FNF:1
FNH:1
FNDA:8,default
DA:1,1
DA:2,1
DA:3,1
LF:3
LH:3
BRDA:1,0,0,1
BRDA:3,1,0,8
BRF:2
BRH:2
end_of_record
TN:
SF:js/analyse/twoPair.js
FN:3,default
FNF:1
FNH:1
FNDA:8,default
DA:1,1
DA:2,1
DA:3,1
LF:3
LH:3
BRDA:1,0,0,1
BRDA:3,1,0,8
BRF:2
BRH:2
end_of_record
TN:
SF:js/analyse/whatHand.js
FN:12,default
FNF:1
FNH:1
FNDA:8,default
DA:1,1
DA:2,1
DA:3,1
DA:4,1
DA:5,1
DA:6,1
DA:7,1
DA:8,1
DA:9,1
DA:10,1
DA:11,1
DA:12,1
DA:13,8
DA:14,0
DA:15,8
DA:16,0
DA:17,8
DA:18,0
DA:19,8
DA:20,0
DA:21,8
DA:22,0
DA:23,8
DA:24,0
DA:25,8
DA:26,0
DA:27,0
DA:28,0
DA:29,0
DA:30,1
LF:30
LH:20
BRDA:1,0,0,1
BRDA:12,1,0,8
BRDA:13,2,0,0
BRDA:15,3,0,0
BRDA:17,4,0,0
BRDA:19,5,0,0
BRDA:21,6,0,0
BRDA:23,7,0,0
BRDA:25,8,0,0
BRF:9
BRH:2
end_of_record
TN:
SF:test/utils/deck.js
FNF:0
FNH:0
DA:1,1
DA:2,1
DA:3,1
DA:4,1
DA:5,1
DA:6,1
LF:6
LH:6
BRDA:1,0,0,1
BRF:1
BRH:1
end_of_record
